android-native/app/build/intermediates/manifest_merge_blame_file/debug/processDebugMainManifest/manifest-merger-blame-debug-report.txt
1<?xml version="1.0" encoding="utf-8"?>
2<manifest xmlns:android="http://schemas.android.com/apk/res/android"
3    package="com.example.shoes"
4    android:versionCode="1"
5    android:versionName="1.0" >
6
7    <uses-sdk
8        android:minSdkVersion="24"
9        android:targetSdkVersion="34" />
10
11    <uses-permission android:name="android.permission.INTERNET" />
11-->src\main\AndroidManifest.xml:5:5-66
11-->src\main\AndroidManifest.xml:5:22-64
12    <uses-permission android:name="android.permission.CAMERA" />
12-->src\main\AndroidManifest.xml:6:5-64
12-->src\main\AndroidManifest.xml:6:22-62
13
14    <uses-feature
14-->src\main\AndroidManifest.xml:7:5-84
15        android:name="android.hardware.camera"
15-->src\main\AndroidManifest.xml:7:19-57
16        android:required="false" />
16-->src\main\AndroidManifest.xml:7:58-82
17
18    <uses-permission android:name="android.permission.ACCESS_NETWORK_STATE" />
18-->[androidx.media3:media3-exoplayer:1.3.1] AndroidManifest.xml:22:5-79
18-->[androidx.media3:media3-exoplayer:1.3.1] AndroidManifest.xml:22:22-76
19
20    <permission
20-->[androidx.core:core:1.13.1] AndroidManifest.xml:22:5-24:47
21        android:name="com.example.shoes.DYNAMIC_RECEIVER_NOT_EXPORTED_PERMISSION"
21-->[androidx.core:core:1.13.1] AndroidManifest.xml:23:9-81
22        android:protectionLevel="signature" />
22-->[androidx.core:core:1.13.1] AndroidManifest.xml:24:9-44
23
24    <uses-permission android:name="com.example.shoes.DYNAMIC_RECEIVER_NOT_EXPORTED_PERMISSION" />
24-->[androidx.core:core:1.13.1] AndroidManifest.xml:26:5-97
24-->[androidx.core:core:1.13.1] AndroidManifest.xml:26:22-94
25
26    <uses-feature
26-->[com.journeyapps:zxing-android-embedded:4.3.0] AndroidManifest.xml:28:5-30:36
27        android:name="android.hardware.camera.front"
27-->[com.journeyapps:zxing-android-embedded:4.3.0] AndroidManifest.xml:29:9-53
28        android:required="false" /> <!-- TODO replace above two with next line after Android 4.2 -->
28-->[com.journeyapps:zxing-android-embedded:4.3.0] AndroidManifest.xml:30:9-33
29    <!-- <uses-feature android:name="android.hardware.camera.any"/> -->
30    <uses-feature
30-->[com.journeyapps:zxing-android-embedded:4.3.0] AndroidManifest.xml:33:5-35:36
31        android:name="android.hardware.camera.autofocus"
31-->[com.journeyapps:zxing-android-embedded:4.3.0] AndroidManifest.xml:34:9-57
32        android:required="false" />
32-->[com.journeyapps:zxing-android-embedded:4.3.0] AndroidManifest.xml:35:9-33
33    <uses-feature
33-->[com.journeyapps:zxing-android-embedded:4.3.0] AndroidManifest.xml:36:5-38:36
34        android:name="android.hardware.camera.flash"
34-->[com.journeyapps:zxing-android-embedded:4.3.0] AndroidManifest.xml:37:9-53
35        android:required="false" />
35-->[com.journeyapps:zxing-android-embedded:4.3.0] AndroidManifest.xml:38:9-33
36    <uses-feature
36-->[com.journeyapps:zxing-android-embedded:4.3.0] AndroidManifest.xml:39:5-41:36
37        android:name="android.hardware.screen.landscape"
37-->[com.journeyapps:zxing-android-embedded:4.3.0] AndroidManifest.xml:40:9-57
38        android:required="false" />
38-->[com.journeyapps:zxing-android-embedded:4.3.0] AndroidManifest.xml:41:9-33
39    <uses-feature
39-->[com.journeyapps:zxing-android-embedded:4.3.0] AndroidManifest.xml:42:5-44:36
40        android:name="android.hardware.wifi"
40-->[com.journeyapps:zxing-android-embedded:4.3.0] AndroidManifest.xml:43:9-45
41        android:required="false" />
41-->[com.journeyapps:zxing-android-embedded:4.3.0] AndroidManifest.xml:44:9-33
42
43    <application
43-->src\main\AndroidManifest.xml:9:5-43:19
44        android:allowBackup="true"
44-->src\main\AndroidManifest.xml:10:9-35
45        android:appComponentFactory="androidx.core.app.CoreComponentFactory"
45-->[androidx.core:core:1.13.1] AndroidManifest.xml:28:18-86
46        android:debuggable="true"
47        android:extractNativeLibs="false"
48        android:icon="@mipmap/ic_launcher"
48-->src\main\AndroidManifest.xml:11:9-43
49        android:label="Shoes Native"
49-->src\main\AndroidManifest.xml:12:9-37
50        android:networkSecurityConfig="@xml/network_security_config"
50-->src\main\AndroidManifest.xml:17:9-69
51        android:roundIcon="@mipmap/ic_launcher_round"
51-->src\main\AndroidManifest.xml:13:9-54
52        android:supportsRtl="true"
52-->src\main\AndroidManifest.xml:14:9-35
53        android:testOnly="true"
54        android:theme="@style/Theme.ShoesNative"
54-->src\main\AndroidManifest.xml:15:9-49
55        android:usesCleartextTraffic="true" >
55-->src\main\AndroidManifest.xml:16:9-44
56        <activity
56-->src\main\AndroidManifest.xml:18:9-26:20
57            android:name="com.example.shoes.SplashActivity"
57-->src\main\AndroidManifest.xml:19:13-43
58            android:exported="true"
58-->src\main\AndroidManifest.xml:20:13-36
59            android:theme="@style/Theme.ShoesNative" >
59-->src\main\AndroidManifest.xml:21:13-53
60            <intent-filter>
60-->src\main\AndroidManifest.xml:22:13-25:29
61                <action android:name="android.intent.action.MAIN" />
61-->src\main\AndroidManifest.xml:23:17-69
61-->src\main\AndroidManifest.xml:23:25-66
62
63                <category android:name="android.intent.category.LAUNCHER" />
63-->src\main\AndroidManifest.xml:24:17-77
63-->src\main\AndroidManifest.xml:24:27-74
64            </intent-filter>
65        </activity>
66        <activity
66-->src\main\AndroidManifest.xml:27:9-29:40
67            android:name="com.example.shoes.MainActivity"
67-->src\main\AndroidManifest.xml:28:13-41
68            android:exported="false" />
68-->src\main\AndroidManifest.xml:29:13-37
69        <activity
69-->src\main\AndroidManifest.xml:30:9-32:40
70            android:name="com.example.shoes.LoginActivity"
70-->src\main\AndroidManifest.xml:31:13-42
71            android:exported="false" />
71-->src\main\AndroidManifest.xml:32:13-37
72        <activity android:name="com.example.shoes.ProductDetailActivity" />
72-->src\main\AndroidManifest.xml:33:9-59
72-->src\main\AndroidManifest.xml:33:19-56
73        <activity android:name="com.example.shoes.XibaopoActivity" />
73-->src\main\AndroidManifest.xml:34:9-53
73-->src\main\AndroidManifest.xml:34:19-50
74        <activity android:name="com.example.shoes.PosterActivity" />
74-->src\main\AndroidManifest.xml:35:9-52
74-->src\main\AndroidManifest.xml:35:19-49
75        <activity android:name="com.example.shoes.OnlineSalesActivity" />
75-->src\main\AndroidManifest.xml:36:9-57
75-->src\main\AndroidManifest.xml:36:19-54
76        <activity android:name="com.example.shoes.BoutiqueShoesActivity" />
76-->src\main\AndroidManifest.xml:37:5-55
76-->src\main\AndroidManifest.xml:37:15-52
77        <activity android:name="com.example.shoes.MuseumActivity" />
77-->src\main\AndroidManifest.xml:38:9-52
77-->src\main\AndroidManifest.xml:38:19-49
78        <activity android:name="com.example.shoes.BookingActivity" />
78-->src\main\AndroidManifest.xml:39:9-53
78-->src\main\AndroidManifest.xml:39:19-50
79        <activity android:name="com.example.shoes.CouponActivity" />
79-->src\main\AndroidManifest.xml:40:9-52
79-->src\main\AndroidManifest.xml:40:19-49
80        <activity android:name="com.example.shoes.VillageActivitiesActivity" />
80-->src\main\AndroidManifest.xml:41:9-63
80-->src\main\AndroidManifest.xml:41:19-60
81        <activity android:name="com.example.shoes.ScanActivity" />
81-->src\main\AndroidManifest.xml:42:9-50
81-->src\main\AndroidManifest.xml:42:19-47
82
83        <provider
83-->[androidx.emoji2:emoji2:1.3.0] AndroidManifest.xml:24:9-32:20
84            android:name="androidx.startup.InitializationProvider"
84-->[androidx.emoji2:emoji2:1.3.0] AndroidManifest.xml:25:13-67
85            android:authorities="com.example.shoes.androidx-startup"
85-->[androidx.emoji2:emoji2:1.3.0] AndroidManifest.xml:26:13-68
86            android:exported="false" >
86-->[androidx.emoji2:emoji2:1.3.0] AndroidManifest.xml:27:13-37
87            <meta-data
87-->[androidx.emoji2:emoji2:1.3.0] AndroidManifest.xml:29:13-31:52
88                android:name="androidx.emoji2.text.EmojiCompatInitializer"
88-->[androidx.emoji2:emoji2:1.3.0] AndroidManifest.xml:30:17-75
89                android:value="androidx.startup" />
89-->[androidx.emoji2:emoji2:1.3.0] AndroidManifest.xml:31:17-49
90            <meta-data
90-->[androidx.lifecycle:lifecycle-process:2.8.5] AndroidManifest.xml:29:13-31:52
91                android:name="androidx.lifecycle.ProcessLifecycleInitializer"
91-->[androidx.lifecycle:lifecycle-process:2.8.5] AndroidManifest.xml:30:17-78
92                android:value="androidx.startup" />
92-->[androidx.lifecycle:lifecycle-process:2.8.5] AndroidManifest.xml:31:17-49
93            <meta-data
93-->[androidx.profileinstaller:profileinstaller:1.4.0] AndroidManifest.xml:29:13-31:52
94                android:name="androidx.profileinstaller.ProfileInstallerInitializer"
94-->[androidx.profileinstaller:profileinstaller:1.4.0] AndroidManifest.xml:30:17-85
95                android:value="androidx.startup" />
95-->[androidx.profileinstaller:profileinstaller:1.4.0] AndroidManifest.xml:31:17-49
96        </provider>
97
98        <receiver
98-->[androidx.profileinstaller:profileinstaller:1.4.0] AndroidManifest.xml:34:9-52:20
99            android:name="androidx.profileinstaller.ProfileInstallReceiver"
99-->[androidx.profileinstaller:profileinstaller:1.4.0] AndroidManifest.xml:35:13-76
100            android:directBootAware="false"
100-->[androidx.profileinstaller:profileinstaller:1.4.0] AndroidManifest.xml:36:13-44
101            android:enabled="true"
101-->[androidx.profileinstaller:profileinstaller:1.4.0] AndroidManifest.xml:37:13-35
102            android:exported="true"
102-->[androidx.profileinstaller:profileinstaller:1.4.0] AndroidManifest.xml:38:13-36
103            android:permission="android.permission.DUMP" >
103-->[androidx.profileinstaller:profileinstaller:1.4.0] AndroidManifest.xml:39:13-57
104            <intent-filter>
104-->[androidx.profileinstaller:profileinstaller:1.4.0] AndroidManifest.xml:40:13-42:29
105                <action android:name="androidx.profileinstaller.action.INSTALL_PROFILE" />
105-->[androidx.profileinstaller:profileinstaller:1.4.0] AndroidManifest.xml:41:17-91
105-->[androidx.profileinstaller:profileinstaller:1.4.0] AndroidManifest.xml:41:25-88
106            </intent-filter>
107            <intent-filter>
107-->[androidx.profileinstaller:profileinstaller:1.4.0] AndroidManifest.xml:43:13-45:29
108                <action android:name="androidx.profileinstaller.action.SKIP_FILE" />
108-->[androidx.profileinstaller:profileinstaller:1.4.0] AndroidManifest.xml:44:17-85
108-->[androidx.profileinstaller:profileinstaller:1.4.0] AndroidManifest.xml:44:25-82
109            </intent-filter>
110            <intent-filter>
110-->[androidx.profileinstaller:profileinstaller:1.4.0] AndroidManifest.xml:46:13-48:29
111                <action android:name="androidx.profileinstaller.action.SAVE_PROFILE" />
111-->[androidx.profileinstaller:profileinstaller:1.4.0] AndroidManifest.xml:47:17-88
111-->[androidx.profileinstaller:profileinstaller:1.4.0] AndroidManifest.xml:47:25-85
112            </intent-filter>
113            <intent-filter>
113-->[androidx.profileinstaller:profileinstaller:1.4.0] AndroidManifest.xml:49:13-51:29
114                <action android:name="androidx.profileinstaller.action.BENCHMARK_OPERATION" />
114-->[androidx.profileinstaller:profileinstaller:1.4.0] AndroidManifest.xml:50:17-95
114-->[androidx.profileinstaller:profileinstaller:1.4.0] AndroidManifest.xml:50:25-92
115            </intent-filter>
116        </receiver>
117
118        <activity
118-->[com.journeyapps:zxing-android-embedded:4.3.0] AndroidManifest.xml:47:9-53:63
119            android:name="com.journeyapps.barcodescanner.CaptureActivity"
119-->[com.journeyapps:zxing-android-embedded:4.3.0] AndroidManifest.xml:48:13-74
120            android:clearTaskOnLaunch="true"
120-->[com.journeyapps:zxing-android-embedded:4.3.0] AndroidManifest.xml:49:13-45
121            android:screenOrientation="sensorLandscape"
121-->[com.journeyapps:zxing-android-embedded:4.3.0] AndroidManifest.xml:50:13-56
122            android:stateNotNeeded="true"
122-->[com.journeyapps:zxing-android-embedded:4.3.0] AndroidManifest.xml:51:13-42
123            android:theme="@style/zxing_CaptureTheme"
123-->[com.journeyapps:zxing-android-embedded:4.3.0] AndroidManifest.xml:52:13-54
124            android:windowSoftInputMode="stateAlwaysHidden" />
124-->[com.journeyapps:zxing-android-embedded:4.3.0] AndroidManifest.xml:53:13-60
125    </application>
126
127</manifest>